<?xml version="1.0" encoding="UTF-8"?>
<testsuite xmlns:xsi="http://www.w3.org/2001/XMLSchema-instance" xsi:noNamespaceSchemaLocation="https://maven.apache.org/surefire/maven-surefire-plugin/xsd/surefire-test-report-3.0.xsd" version="3.0" name="suite.TestSuite" time="59.224" tests="4" errors="0" skipped="0" failures="0">
  <properties>
[...]
</properties>
  <testcase name="Test Crear Contacto Nuevo" classname="TestAddressBook" time="17.498">
    <system-err><![CDATA[Starting ChromeDriver 92.0.4515.107 (87a818b10553a07434ea9e2b6dccf3cbe7895134-refs/branch-heads/4515@{#1634}) on port 11802
Only local connections are allowed.
Please see https://chromedriver.chromium.org/security-considerations for suggestions on keeping ChromeDriver safe.
ChromeDriver was started successfully.
ago 25, 2021 12:03:06 AM org.openqa.selenium.remote.ProtocolHandshake createSession
INFORMACIÓN: Detected dialect: W3C
]]></system-err>
  </testcase>
  <testcase name="Test agrega recursos a un proyecto" classname="TestProject" time="18.464">
    <system-err><![CDATA[[1629860611.605][SEVERE]: Unable to receive message from renderer
[1629860617.737][SEVERE]: Unable to receive message from renderer
]]></system-err>
  </testcase>
  <testcase name="Test consulta de un proyecto creado" classname="TestProject" time="7.08"/>
  <testcase name="Test crear proyecto" classname="TestProject" time="12.239"/>
</testsuite>